Turbo Assembler	 Version 4.1	    11/21/03 15:29:55	    Page 1
E:\programs\ccpp\sum.asm



      1				     ;16 BIT EXE WITH SIMPLIFIED DIRECTIVES
      2	0000			     .model  small
      3
      4	0000			     .code
      5				     public _sum
      6				     extrn _main
      7	0000			     _sum proc
      8	0000  55			     push    bp
      9	0001  8B EC			     mov     bp,sp
     10	0003  8B 46 04			     mov     ax,[bp+4]
     11	0006  8B 5E 06			     mov     bx,[bp+6]
     12	0009  03 C3			     add     ax,bx
     13	000B  5D			     pop     bp
     14	000C  C3			     ret
     15	000D			     _sum    endp
     16				     end _main
Turbo Assembler	 Version 4.1	    11/21/03 15:29:55	    Page 2
Symbol Table




Symbol Name		Type   Value			   Cref	(defined at #)

??DATE			Text   "11/21/03"
??FILENAME		Text   "sum	"
??TIME			Text   "15:29:55"
??VERSION		Number 040A
@32BIT			Text   0			   #2
@CODE			Text   _TEXT			   #2  #2  #4
@CODESIZE		Text   0			   #2
@CPU			Text   0101H
@CURSEG			Text   _TEXT			   #4
@DATA			Text   DGROUP			   #2
@DATASIZE		Text   0			   #2
@FILENAME		Text   SUM
@INTERFACE		Text   000H			   #2
@MODEL			Text   2			   #2
@STACK			Text   DGROUP			   #2
@WORDSIZE		Text   2			   #4
_MAIN			Word   _TEXT:---- Extern	   #6  16
_SUM			Near   _TEXT:0000		   5  #7

Groups & Segments	Bit Size Align	Combine	Class	   Cref	(defined at #)

DGROUP			Group				   #2  2
  _DATA			16  0000 Word	Public	DATA	   #2
_TEXT			16  000D Word	Public	CODE	   #2  2  #4  4
